Arguments: 
  /home/amauri-deepin/.nvm/versions/node/v13.12.0/bin/node /usr/share/yarn/bin/yarn.js init

PATH: 
  /home/amauri-deepin/.nvm/versions/node/v13.12.0/bin:/home/amauri-deepin/.pyenv/plugins/pyenv-virtualenv/shims:/home/amauri-deepin/.pyenv/shims:~/.pyenv/bin:/home/amauri-deepin/.pyenv/shims:/usr/local/bin:/usr/bin:/bin:/usr/local/games:/usr/games:/sbin:/usr/sbin:/opt/mssql-tools/bin:/home/amauri-deepin/.pyenv/bin:/home/amauri-deepin/.fzf/bin:/opt/mssql-tools/bin:/home/amauri-deepin/android-studio-sdk/emulator:/home/amauri-deepin/android-studio-sdk/tools:/home/amauri-deepin/android-studio-sdk/tools/bin:/home/amauri-deepin/android-studio-sdk/platform-tools

Yarn version: 
  1.22.4

Node version: 
  13.12.0

Platform: 
  linux x64

Trace: 
  Error: canceled
      at Interface.<anonymous> (/usr/share/yarn/lib/cli.js:137008:13)
      at Interface.emit (events.js:315:20)
      at Interface._ttyWrite (readline.js:873:16)
      at ReadStream.onkeypress (readline.js:213:10)
      at ReadStream.emit (events.js:315:20)
      at emitKeys (internal/readline/utils.js:335:14)
      at emitKeys.next (<anonymous>)
      at ReadStream.onData (readline.js:1140:36)
      at ReadStream.emit (events.js:315:20)
      at addChunk (_stream_readable.js:297:12)

npm manifest: 
  No manifest

yarn manifest: 
  No manifest

Lockfile: 
  No lockfile
